This is pdfTeX, Version 3.141592653-2.6-1.40.26 (TeX Live 2024) (preloaded format=pdflatex 2024.10.29)  30 JAN 2025 12:39
entering extended mode
 restricted \write18 enabled.
 file:line:error style messages enabled.
 %&-line parsing enabled.
**c:/Users/andre/OneDrive/Documenti/The-Loopers/Report/report.tex
(c:/Users/andre/OneDrive/Documenti/The-Loopers/Report/report.tex
LaTeX2e <2024-06-01> patch level 2
L3 programming layer <2024-10-09>
(c:/texlive/2024/texmf-dist/tex/latex/base/book.cls
Document Class: book 2024/02/08 v1.4n Standard LaTeX document class
(c:/texlive/2024/texmf-dist/tex/latex/base/bk12.clo
File: bk12.clo 2024/02/08 v1.4n Standard LaTeX file (size option)
)
\c@part=\count194
\c@chapter=\count195
\c@section=\count196
\c@subsection=\count197
\c@subsubsection=\count198
\c@paragraph=\count199
\c@subparagraph=\count266
\c@figure=\count267
\c@table=\count268
\abovecaptionskip=\skip49
\belowcaptionskip=\skip50
\bibindent=\dimen141
) (c:/texlive/2024/texmf-dist/tex/latex/base/fontenc.sty
Package: fontenc 2021/04/29 v2.0v Standard LaTeX package
) (c:/texlive/2024/texmf-dist/tex/latex/lm/lmodern.sty
Package: lmodern 2015/05/01 v1.6.1 Latin Modern Fonts
LaTeX Font Info:    Overwriting symbol font `operators' in version `normal'
(Font)                  OT1/cmr/m/n --> OT1/lmr/m/n on input line 22.
LaTeX Font Info:    Overwriting symbol font `letters' in version `normal'
(Font)                  OML/cmm/m/it --> OML/lmm/m/it on input line 23.
LaTeX Font Info:    Overwriting symbol font `symbols' in version `normal'
(Font)                  OMS/cmsy/m/n --> OMS/lmsy/m/n on input line 24.
LaTeX Font Info:    Overwriting symbol font `largesymbols' in version `normal'
(Font)                  OMX/cmex/m/n --> OMX/lmex/m/n on input line 25.
LaTeX Font Info:    Overwriting symbol font `operators' in version `bold'
(Font)                  OT1/cmr/bx/n --> OT1/lmr/bx/n on input line 26.
LaTeX Font Info:    Overwriting symbol font `letters' in version `bold'
(Font)                  OML/cmm/b/it --> OML/lmm/b/it on input line 27.
LaTeX Font Info:    Overwriting symbol font `symbols' in version `bold'
(Font)                  OMS/cmsy/b/n --> OMS/lmsy/b/n on input line 28.
LaTeX Font Info:    Overwriting symbol font `largesymbols' in version `bold'
(Font)                  OMX/cmex/m/n --> OMX/lmex/m/n on input line 29.
LaTeX Font Info:    Overwriting math alphabet `\mathbf' in version `normal'
(Font)                  OT1/cmr/bx/n --> OT1/lmr/bx/n on input line 31.
LaTeX Font Info:    Overwriting math alphabet `\mathsf' in version `normal'
(Font)                  OT1/cmss/m/n --> OT1/lmss/m/n on input line 32.
LaTeX Font Info:    Overwriting math alphabet `\mathit' in version `normal'
(Font)                  OT1/cmr/m/it --> OT1/lmr/m/it on input line 33.
LaTeX Font Info:    Overwriting math alphabet `\mathtt' in version `normal'
(Font)                  OT1/cmtt/m/n --> OT1/lmtt/m/n on input line 34.
LaTeX Font Info:    Overwriting math alphabet `\mathbf' in version `bold'
(Font)                  OT1/cmr/bx/n --> OT1/lmr/bx/n on input line 35.
LaTeX Font Info:    Overwriting math alphabet `\mathsf' in version `bold'
(Font)                  OT1/cmss/bx/n --> OT1/lmss/bx/n on input line 36.
LaTeX Font Info:    Overwriting math alphabet `\mathit' in version `bold'
(Font)                  OT1/cmr/bx/it --> OT1/lmr/bx/it on input line 37.
LaTeX Font Info:    Overwriting math alphabet `\mathtt' in version `bold'
(Font)                  OT1/cmtt/m/n --> OT1/lmtt/m/n on input line 38.
) (c:/texlive/2024/texmf-dist/tex/latex/base/inputenc.sty
Package: inputenc 2024/02/08 v1.3d Input encoding file
\inpenc@prehook=\toks17
\inpenc@posthook=\toks18
) (c:/texlive/2024/texmf-dist/tex/generic/babel/babel.sty
Package: babel 2024/10/20 v24.12 The multilingual framework for pdfLaTeX, LuaLaTeX and XeLaTeX
\babel@savecnt=\count269
\U@D=\dimen142
\l@unhyphenated=\language89
 (c:/texlive/2024/texmf-dist/tex/generic/babel/txtbabel.def)
\bbl@readstream=\read2
\bbl@dirlevel=\count270
 (c:/texlive/2024/texmf-dist/tex/generic/babel-english/english.ldf
Language: english 2017/06/06 v3.3r English support from the babel system
Package babel Info: Hyphen rules for 'canadian' set to \l@english
(babel)             (\language0). Reported on input line 102.
Package babel Info: Hyphen rules for 'australian' set to \l@ukenglish
(babel)             (\language23). Reported on input line 105.
Package babel Info: Hyphen rules for 'newzealand' set to \l@ukenglish
(babel)             (\language23). Reported on input line 108.
)) (c:/texlive/2024/texmf-dist/tex/generic/babel/locale/en/babel-english.tex
Package babel Info: Importing font and identification data for english
(babel)             from babel-en.ini. Reported on input line 11.
) (c:/texlive/2024/texmf-dist/tex/latex/geometry/geometry.sty
Package: geometry 2020/01/02 v5.9 Page Geometry
 (c:/texlive/2024/texmf-dist/tex/latex/graphics/keyval.sty
Package: keyval 2022/05/29 v1.15 key=value parser (DPC)
\KV@toks@=\toks19
) (c:/texlive/2024/texmf-dist/tex/generic/iftex/ifvtex.sty
Package: ifvtex 2019/10/25 v1.7 ifvtex legacy package. Use iftex instead.
 (c:/texlive/2024/texmf-dist/tex/generic/iftex/iftex.sty
Package: iftex 2022/02/03 v1.0f TeX engine tests
))
\Gm@cnth=\count271
\Gm@cntv=\count272
\c@Gm@tempcnt=\count273
\Gm@bindingoffset=\dimen143
\Gm@wd@mp=\dimen144
\Gm@odd@mp=\dimen145
\Gm@even@mp=\dimen146
\Gm@layoutwidth=\dimen147
\Gm@layoutheight=\dimen148
\Gm@layouthoffset=\dimen149
\Gm@layoutvoffset=\dimen150
\Gm@dimlist=\toks20
) (c:/texlive/2024/texmf-dist/tex/latex/fancyhdr/fancyhdr.sty
Package: fancyhdr 2024/07/23 v4.3.1 Extensive control of page headers and footers
\f@nch@headwidth=\skip51
\f@nch@O@elh=\skip52
\f@nch@O@erh=\skip53
\f@nch@O@olh=\skip54
\f@nch@O@orh=\skip55
\f@nch@O@elf=\skip56
\f@nch@O@erf=\skip57
\f@nch@O@olf=\skip58
\f@nch@O@orf=\skip59
) (c:/texlive/2024/texmf-dist/tex/latex/emptypage/emptypage.sty
Package: emptypage 2010/05/30 v1.2 Suppress page numbers and headings on empty pages
) (c:/texlive/2024/texmf-dist/tex/latex/hyperref/hyperref.sty
Package: hyperref 2024-07-10 v7.01j Hypertext links for LaTeX
 (c:/texlive/2024/texmf-dist/tex/latex/kvsetkeys/kvsetkeys.sty
Package: kvsetkeys 2022-10-05 v1.19 Key value parser (HO)
) (c:/texlive/2024/texmf-dist/tex/generic/kvdefinekeys/kvdefinekeys.sty
Package: kvdefinekeys 2019-12-19 v1.6 Define keys (HO)
) (c:/texlive/2024/texmf-dist/tex/generic/pdfescape/pdfescape.sty
Package: pdfescape 2019/12/09 v1.15 Implements pdfTeX's escape features (HO)
 (c:/texlive/2024/texmf-dist/tex/generic/ltxcmds/ltxcmds.sty
Package: ltxcmds 2023-12-04 v1.26 LaTeX kernel commands for general use (HO)
) (c:/texlive/2024/texmf-dist/tex/generic/pdftexcmds/pdftexcmds.sty
Package: pdftexcmds 2020-06-27 v0.33 Utility functions of pdfTeX for LuaTeX (HO)
 (c:/texlive/2024/texmf-dist/tex/generic/infwarerr/infwarerr.sty
Package: infwarerr 2019/12/03 v1.5 Providing info/warning/error messages (HO)
)
Package pdftexcmds Info: \pdf@primitive is available.
Package pdftexcmds Info: \pdf@ifprimitive is available.
Package pdftexcmds Info: \pdfdraftmode found.
)) (c:/texlive/2024/texmf-dist/tex/latex/hycolor/hycolor.sty
Package: hycolor 2020-01-27 v1.10 Color options for hyperref/bookmark (HO)
) (c:/texlive/2024/texmf-dist/tex/latex/hyperref/nameref.sty
Package: nameref 2023-11-26 v2.56 Cross-referencing by name of section
 (c:/texlive/2024/texmf-dist/tex/latex/refcount/refcount.sty
Package: refcount 2019/12/15 v3.6 Data extraction from label references (HO)
) (c:/texlive/2024/texmf-dist/tex/generic/gettitlestring/gettitlestring.sty
Package: gettitlestring 2019/12/15 v1.6 Cleanup title references (HO)
 (c:/texlive/2024/texmf-dist/tex/latex/kvoptions/kvoptions.sty
Package: kvoptions 2022-06-15 v3.15 Key value format for package options (HO)
))
\c@section@level=\count274
) (c:/texlive/2024/texmf-dist/tex/latex/etoolbox/etoolbox.sty
Package: etoolbox 2020/10/05 v2.5k e-TeX tools for LaTeX (JAW)
\etb@tempcnta=\count275
) (c:/texlive/2024/texmf-dist/tex/generic/stringenc/stringenc.sty
Package: stringenc 2019/11/29 v1.12 Convert strings between diff. encodings (HO)
)
\@linkdim=\dimen151
\Hy@linkcounter=\count276
\Hy@pagecounter=\count277
 (c:/texlive/2024/texmf-dist/tex/latex/hyperref/pd1enc.def
File: pd1enc.def 2024-07-10 v7.01j Hyperref: PDFDocEncoding definition (HO)
Now handling font encoding PD1 ...
... no UTF-8 mapping file for font encoding PD1
) (c:/texlive/2024/texmf-dist/tex/generic/intcalc/intcalc.sty
Package: intcalc 2019/12/15 v1.3 Expandable calculations with integers (HO)
)
\Hy@SavedSpaceFactor=\count278
 (c:/texlive/2024/texmf-dist/tex/latex/hyperref/puenc.def
File: puenc.def 2024-07-10 v7.01j Hyperref: PDF Unicode definition (HO)
Now handling font encoding PU ...
... no UTF-8 mapping file for font encoding PU
)
Package hyperref Info: Hyper figures OFF on input line 4157.
Package hyperref Info: Link nesting OFF on input line 4162.
Package hyperref Info: Hyper index ON on input line 4165.
Package hyperref Info: Plain pages OFF on input line 4172.
Package hyperref Info: Backreferencing OFF on input line 4177.
Package hyperref Info: Implicit mode ON; LaTeX internals redefined.
Package hyperref Info: Bookmarks ON on input line 4424.
\c@Hy@tempcnt=\count279
 (c:/texlive/2024/texmf-dist/tex/latex/url/url.sty
\Urlmuskip=\muskip17
Package: url 2013/09/16  ver 3.4  Verb mode for urls, etc.
)
LaTeX Info: Redefining \url on input line 4763.
\XeTeXLinkMargin=\dimen152
 (c:/texlive/2024/texmf-dist/tex/generic/bitset/bitset.sty
Package: bitset 2019/12/09 v1.3 Handle bit-vector datatype (HO)
 (c:/texlive/2024/texmf-dist/tex/generic/bigintcalc/bigintcalc.sty
Package: bigintcalc 2019/12/15 v1.5 Expandable calculations on big integers (HO)
))
\Fld@menulength=\count280
\Field@Width=\dimen153
\Fld@charsize=\dimen154
Package hyperref Info: Hyper figures OFF on input line 6042.
Package hyperref Info: Link nesting OFF on input line 6047.
Package hyperref Info: Hyper index ON on input line 6050.
Package hyperref Info: backreferencing OFF on input line 6057.
Package hyperref Info: Link coloring OFF on input line 6062.
Package hyperref Info: Link coloring with OCG OFF on input line 6067.
Package hyperref Info: PDF/A mode OFF on input line 6072.
 (c:/texlive/2024/texmf-dist/tex/latex/base/atbegshi-ltx.sty
Package: atbegshi-ltx 2021/01/10 v1.0c Emulation of the original atbegshi
package with kernel methods
)
\Hy@abspage=\count281
\c@Item=\count282
\c@Hfootnote=\count283
)
Package hyperref Info: Driver (autodetected): hpdftex.
 (c:/texlive/2024/texmf-dist/tex/latex/hyperref/hpdftex.def
File: hpdftex.def 2024-07-10 v7.01j Hyperref driver for pdfTeX
 (c:/texlive/2024/texmf-dist/tex/latex/base/atveryend-ltx.sty
Package: atveryend-ltx 2020/08/19 v1.0a Emulation of the original atveryend package
with kernel methods
)
\Fld@listcount=\count284
\c@bookmark@seq@number=\count285
 (c:/texlive/2024/texmf-dist/tex/latex/rerunfilecheck/rerunfilecheck.sty
Package: rerunfilecheck 2022-07-10 v1.10 Rerun checks for auxiliary files (HO)
 (c:/texlive/2024/texmf-dist/tex/generic/uniquecounter/uniquecounter.sty
Package: uniquecounter 2019/12/15 v1.4 Provide unlimited unique counter (HO)
)
Package uniquecounter Info: New unique counter `rerunfilecheck' on input line 285.
)
\Hy@SectionHShift=\skip60
)
Package hyperref Info: Option `colorlinks' set `true' on input line 14.
 (c:/texlive/2024/texmf-dist/tex/latex/microtype/microtype.sty
Package: microtype 2024/03/29 v3.1b Micro-typographical refinements (RS)
\MT@toks=\toks21
\MT@tempbox=\box52
\MT@count=\count286
LaTeX Info: Redefining \noprotrusionifhmode on input line 1061.
LaTeX Info: Redefining \leftprotrusion on input line 1062.
\MT@prot@toks=\toks22
LaTeX Info: Redefining \rightprotrusion on input line 1081.
LaTeX Info: Redefining \textls on input line 1392.
\MT@outer@kern=\dimen155
LaTeX Info: Redefining \textmicrotypecontext on input line 2013.
\MT@listname@count=\count287
 (c:/texlive/2024/texmf-dist/tex/latex/microtype/microtype-pdftex.def
File: microtype-pdftex.def 2024/03/29 v3.1b Definitions specific to pdftex (RS)
LaTeX Info: Redefining \lsstyle on input line 902.
LaTeX Info: Redefining \lslig on input line 902.
\MT@outer@space=\skip61
)
Package microtype Info: Loading configuration file microtype.cfg.
 (c:/texlive/2024/texmf-dist/tex/latex/microtype/microtype.cfg
File: microtype.cfg 2024/03/29 v3.1b microtype main configuration file (RS)
)) (c:/texlive/2024/texmf-dist/tex/latex/appendix/appendix.sty
Package: appendix 2020/02/08 v1.2c extra appendix facilities
\c@@pps=\count288
\c@@ppsavesec=\count289
\c@@ppsaveapp=\count290
) (c:/texlive/2024/texmf-dist/tex/latex/acronym/acronym.sty
Package: acronym 2024/03/30 v1.49 Support for acronyms (Tobias Oetiker)
 (c:/texlive/2024/texmf-dist/tex/latex/bigfoot/suffix.sty
Package: suffix 2006/07/15 1.5a Variant command support
) (c:/texlive/2024/texmf-dist/tex/generic/xstring/xstring.sty (c:/texlive/2024/texmf-dist/tex/generic/xstring/xstring.tex
\xs_counta=\count291
\xs_countb=\count292
)
Package: xstring 2023/08/22 v1.86 String manipulations (CT)
)
\AC@clearlist=\toks23
) (c:/texlive/2024/texmf-dist/tex/latex/eurosym/eurosym.sty
Package: eurosym 1998/08/06 v1.1 European currency symbol ``Euro''
\@eurobox=\box53
) (c:/texlive/2024/texmf-dist/tex/latex/siunitx/siunitx.sty
Package: siunitx 2024-09-30 v3.3.22 A comprehensive (SI) units package
\l__siunitx_number_uncert_offset_int=\count293
\l__siunitx_number_exponent_fixed_int=\count294
\l__siunitx_number_min_decimal_int=\count295
\l__siunitx_number_min_integer_int=\count296
\l__siunitx_number_round_precision_int=\count297
\l__siunitx_number_lower_threshold_int=\count298
\l__siunitx_number_upper_threshold_int=\count299
\l__siunitx_number_group_first_int=\count300
\l__siunitx_number_group_size_int=\count301
\l__siunitx_number_group_minimum_int=\count302
\l__siunitx_angle_tmp_dim=\dimen156
\l__siunitx_angle_marker_box=\box54
\l__siunitx_angle_unit_box=\box55
\l__siunitx_compound_count_int=\count303
 (c:/texlive/2024/texmf-dist/tex/latex/translations/translations.sty
Package: translations 2022/02/05 v1.12 internationalization of LaTeX2e packages (CN)
) (c:/texlive/2024/texmf-dist/tex/latex/amsmath/amstext.sty
Package: amstext 2021/08/26 v2.01 AMS text
 (c:/texlive/2024/texmf-dist/tex/latex/amsmath/amsgen.sty
File: amsgen.sty 1999/11/30 v2.0 generic functions
\@emptytoks=\toks24
\ex@=\dimen157
))
\l__siunitx_table_tmp_box=\box56
\l__siunitx_table_tmp_dim=\dimen158
\l__siunitx_table_column_width_dim=\dimen159
\l__siunitx_table_integer_box=\box57
\l__siunitx_table_decimal_box=\box58
\l__siunitx_table_uncert_box=\box59
\l__siunitx_table_before_box=\box60
\l__siunitx_table_after_box=\box61
\l__siunitx_table_before_dim=\dimen160
\l__siunitx_table_carry_dim=\dimen161
\l__siunitx_unit_tmp_int=\count304
\l__siunitx_unit_position_int=\count305
\l__siunitx_unit_total_int=\count306
 (c:/texlive/2024/texmf-dist/tex/latex/tools/array.sty
Package: array 2024/06/14 v2.6d Tabular extension package (FMi)
\col@sep=\dimen162
\ar@mcellbox=\box62
\extrarowheight=\dimen163
\NC@list=\toks25
\extratabsurround=\skip62
\backup@length=\skip63
\ar@cellbox=\box63
)) (c:/texlive/2024/texmf-dist/tex/latex/mathtools/mathtools.sty
Package: mathtools 2024/10/04 v1.31 mathematical typesetting tools
 (c:/texlive/2024/texmf-dist/tex/latex/tools/calc.sty
Package: calc 2023/07/08 v4.3 Infix arithmetic (KKT,FJ)
\calc@Acount=\count307
\calc@Bcount=\count308
\calc@Adimen=\dimen164
\calc@Bdimen=\dimen165
\calc@Askip=\skip64
\calc@Bskip=\skip65
LaTeX Info: Redefining \setlength on input line 80.
LaTeX Info: Redefining \addtolength on input line 81.
\calc@Ccount=\count309
\calc@Cskip=\skip66
) (c:/texlive/2024/texmf-dist/tex/latex/mathtools/mhsetup.sty
Package: mhsetup 2021/03/18 v1.4 programming setup (MH)
) (c:/texlive/2024/texmf-dist/tex/latex/amsmath/amsmath.sty
Package: amsmath 2024/05/23 v2.17q AMS math features
\@mathmargin=\skip67

For additional information on amsmath, use the `?' option.
(c:/texlive/2024/texmf-dist/tex/latex/amsmath/amsbsy.sty
Package: amsbsy 1999/11/29 v1.2d Bold Symbols
\pmbraise@=\dimen166
) (c:/texlive/2024/texmf-dist/tex/latex/amsmath/amsopn.sty
Package: amsopn 2022/04/08 v2.04 operator names
)
\inf@bad=\count310
LaTeX Info: Redefining \frac on input line 233.
\uproot@=\count311
\leftroot@=\count312
LaTeX Info: Redefining \overline on input line 398.
LaTeX Info: Redefining \colon on input line 409.
\classnum@=\count313
\DOTSCASE@=\count314
LaTeX Info: Redefining \ldots on input line 495.
LaTeX Info: Redefining \dots on input line 498.
LaTeX Info: Redefining \cdots on input line 619.
\Mathstrutbox@=\box64
\strutbox@=\box65
LaTeX Info: Redefining \big on input line 721.
LaTeX Info: Redefining \Big on input line 722.
LaTeX Info: Redefining \bigg on input line 723.
LaTeX Info: Redefining \Bigg on input line 724.
\big@size=\dimen167
LaTeX Font Info:    Redeclaring font encoding OML on input line 742.
LaTeX Font Info:    Redeclaring font encoding OMS on input line 743.
\macc@depth=\count315
LaTeX Info: Redefining \bmod on input line 904.
LaTeX Info: Redefining \pmod on input line 909.
LaTeX Info: Redefining \smash on input line 939.
LaTeX Info: Redefining \relbar on input line 969.
LaTeX Info: Redefining \Relbar on input line 970.
\c@MaxMatrixCols=\count316
\dotsspace@=\muskip18
\c@parentequation=\count317
\dspbrk@lvl=\count318
\tag@help=\toks26
\row@=\count319
\column@=\count320
\maxfields@=\count321
\andhelp@=\toks27
\eqnshift@=\dimen168
\alignsep@=\dimen169
\tagshift@=\dimen170
\tagwidth@=\dimen171
\totwidth@=\dimen172
\lineht@=\dimen173
\@envbody=\toks28
\multlinegap=\skip68
\multlinetaggap=\skip69
\mathdisplay@stack=\toks29
LaTeX Info: Redefining \[ on input line 2953.
LaTeX Info: Redefining \] on input line 2954.
)
\g_MT_multlinerow_int=\count322
\l_MT_multwidth_dim=\dimen174
\origjot=\skip70
\l_MT_shortvdotswithinadjustabove_dim=\dimen175
\l_MT_shortvdotswithinadjustbelow_dim=\dimen176
\l_MT_above_intertext_sep=\dimen177
\l_MT_below_intertext_sep=\dimen178
\l_MT_above_shortintertext_sep=\dimen179
\l_MT_below_shortintertext_sep=\dimen180
\xmathstrut@box=\box66
\xmathstrut@dim=\dimen181
) (c:/texlive/2024/texmf-dist/tex/latex/booktabs/booktabs.sty
Package: booktabs 2020/01/12 v1.61803398 Publication quality tables
\heavyrulewidth=\dimen182
\lightrulewidth=\dimen183
\cmidrulewidth=\dimen184
\belowrulesep=\dimen185
\belowbottomsep=\dimen186
\aboverulesep=\dimen187
\abovetopsep=\dimen188
\cmidrulesep=\dimen189
\cmidrulekern=\dimen190
\defaultaddspace=\dimen191
\@cmidla=\count323
\@cmidlb=\count324
\@aboverulesep=\dimen192
\@belowrulesep=\dimen193
\@thisruleclass=\count325
\@lastruleclass=\count326
\@thisrulewidth=\dimen194
) (c:/texlive/2024/texmf-dist/tex/latex/multirow/multirow.sty
Package: multirow 2021/03/15 v2.8 Span multiple rows of a table
\multirow@colwidth=\skip71
\multirow@cntb=\count327
\multirow@dima=\skip72
\bigstrutjot=\dimen195
) (c:/texlive/2024/texmf-dist/tex/latex/pgfplots/pgfplotstable.sty (c:/texlive/2024/texmf-dist/tex/generic/pgfplots/pgfplots.revision.tex)
Package: pgfplotstable 2021/05/15 v1.18.1 Table typesetting and Pretty-printing (1.18.1)
 (c:/texlive/2024/texmf-dist/tex/latex/pgfplots/pgfplots.sty (c:/texlive/2024/texmf-dist/tex/generic/pgfplots/pgfplots.revision.tex)
Package: pgfplots 2021/05/15 v1.18.1 Data Visualization (1.18.1)
 (c:/texlive/2024/texmf-dist/tex/latex/graphics/graphicx.sty
Package: graphicx 2021/09/16 v1.2d Enhanced LaTeX Graphics (DPC,SPQR)
 (c:/texlive/2024/texmf-dist/tex/latex/graphics/graphics.sty
Package: graphics 2024/05/23 v1.4g Standard LaTeX Graphics (DPC,SPQR)
 (c:/texlive/2024/texmf-dist/tex/latex/graphics/trig.sty
Package: trig 2023/12/02 v1.11 sin cos tan (DPC)
) (c:/texlive/2024/texmf-dist/tex/latex/graphics-cfg/graphics.cfg
File: graphics.cfg 2016/06/04 v1.11 sample graphics configuration
)
Package graphics Info: Driver file: pdftex.def on input line 106.
 (c:/texlive/2024/texmf-dist/tex/latex/graphics-def/pdftex.def
File: pdftex.def 2024/04/13 v1.2c Graphics/color driver for pdftex
))
\Gin@req@height=\dimen196
\Gin@req@width=\dimen197
) (c:/texlive/2024/texmf-dist/tex/latex/pgf/frontendlayer/tikz.sty (c:/texlive/2024/texmf-dist/tex/latex/pgf/basiclayer/pgf.sty (c:/texlive/2024/texmf-dist/tex/latex/pgf/utilities/pgfrcs.sty (c:/texlive/2024/texmf-dist/tex/generic/pgf/utilities/pgfutil-common.tex
\pgfutil@everybye=\toks30
\pgfutil@tempdima=\dimen198
\pgfutil@tempdimb=\dimen199
) (c:/texlive/2024/texmf-dist/tex/generic/pgf/utilities/pgfutil-latex.def
\pgfutil@abb=\box67
) (c:/texlive/2024/texmf-dist/tex/generic/pgf/utilities/pgfrcs.code.tex (c:/texlive/2024/texmf-dist/tex/generic/pgf/pgf.revision.tex)
Package: pgfrcs 2023-01-15 v3.1.10 (3.1.10)
))
Package: pgf 2023-01-15 v3.1.10 (3.1.10)
 (c:/texlive/2024/texmf-dist/tex/latex/pgf/basiclayer/pgfcore.sty (c:/texlive/2024/texmf-dist/tex/latex/pgf/systemlayer/pgfsys.sty (c:/texlive/2024/texmf-dist/tex/generic/pgf/systemlayer/pgfsys.code.tex
Package: pgfsys 2023-01-15 v3.1.10 (3.1.10)
 (c:/texlive/2024/texmf-dist/tex/generic/pgf/utilities/pgfkeys.code.tex
\pgfkeys@pathtoks=\toks31
\pgfkeys@temptoks=\toks32
 (c:/texlive/2024/texmf-dist/tex/generic/pgf/utilities/pgfkeyslibraryfiltered.code.tex
\pgfkeys@tmptoks=\toks33
))
\pgf@x=\dimen256
\pgf@y=\dimen257
\pgf@xa=\dimen258
\pgf@ya=\dimen259
\pgf@xb=\dimen260
\pgf@yb=\dimen261
\pgf@xc=\dimen262
\pgf@yc=\dimen263
\pgf@xd=\dimen264
\pgf@yd=\dimen265
\w@pgf@writea=\write3
\r@pgf@reada=\read3
\c@pgf@counta=\count328
\c@pgf@countb=\count329
\c@pgf@countc=\count330
\c@pgf@countd=\count331
\t@pgf@toka=\toks34
\t@pgf@tokb=\toks35
\t@pgf@tokc=\toks36
\pgf@sys@id@count=\count332
 (c:/texlive/2024/texmf-dist/tex/generic/pgf/systemlayer/pgf.cfg
File: pgf.cfg 2023-01-15 v3.1.10 (3.1.10)
)
Driver file for pgf: pgfsys-pdftex.def
 (c:/texlive/2024/texmf-dist/tex/generic/pgf/systemlayer/pgfsys-pdftex.def
File: pgfsys-pdftex.def 2023-01-15 v3.1.10 (3.1.10)
 (c:/texlive/2024/texmf-dist/tex/generic/pgf/systemlayer/pgfsys-common-pdf.def
File: pgfsys-common-pdf.def 2023-01-15 v3.1.10 (3.1.10)
))) (c:/texlive/2024/texmf-dist/tex/generic/pgf/systemlayer/pgfsyssoftpath.code.tex
File: pgfsyssoftpath.code.tex 2023-01-15 v3.1.10 (3.1.10)
\pgfsyssoftpath@smallbuffer@items=\count333
\pgfsyssoftpath@bigbuffer@items=\count334
) (c:/texlive/2024/texmf-dist/tex/generic/pgf/systemlayer/pgfsysprotocol.code.tex
File: pgfsysprotocol.code.tex 2023-01-15 v3.1.10 (3.1.10)
)) (c:/texlive/2024/texmf-dist/tex/latex/xcolor/xcolor.sty
Package: xcolor 2024/09/29 v3.02 LaTeX color extensions (UK)
 (c:/texlive/2024/texmf-dist/tex/latex/graphics-cfg/color.cfg
File: color.cfg 2016/01/02 v1.6 sample color configuration
)
Package xcolor Info: Driver file: pdftex.def on input line 274.
 (c:/texlive/2024/texmf-dist/tex/latex/graphics/mathcolor.ltx)
Package xcolor Info: Model `cmy' substituted by `cmy0' on input line 1349.
Package xcolor Info: Model `hsb' substituted by `rgb' on input line 1353.
Package xcolor Info: Model `RGB' extended on input line 1365.
Package xcolor Info: Model `HTML' substituted by `rgb' on input line 1367.
Package xcolor Info: Model `Hsb' substituted by `hsb' on input line 1368.
Package xcolor Info: Model `tHsb' substituted by `hsb' on input line 1369.
Package xcolor Info: Model `HSB' substituted by `hsb' on input line 1370.
Package xcolor Info: Model `Gray' substituted by `gray' on input line 1371.
Package xcolor Info: Model `wave' substituted by `hsb' on input line 1372.
) (c:/texlive/2024/texmf-dist/tex/generic/pgf/basiclayer/pgfcore.code.tex
Package: pgfcore 2023-01-15 v3.1.10 (3.1.10)
 (c:/texlive/2024/texmf-dist/tex/generic/pgf/math/pgfmath.code.tex (c:/texlive/2024/texmf-dist/tex/generic/pgf/math/pgfmathutil.code.tex) (c:/texlive/2024/texmf-dist/tex/generic/pgf/math/pgfmathparser.code.tex
\pgfmath@dimen=\dimen266
\pgfmath@count=\count335
\pgfmath@box=\box68
\pgfmath@toks=\toks37
\pgfmath@stack@operand=\toks38
\pgfmath@stack@operation=\toks39
) (c:/texlive/2024/texmf-dist/tex/generic/pgf/math/pgfmathfunctions.code.tex) (c:/texlive/2024/texmf-dist/tex/generic/pgf/math/pgfmathfunctions.basic.code.tex) (c:/texlive/2024/texmf-dist/tex/generic/pgf/math/pgfmathfunctions.trigonometric.code.tex) (c:/texlive/2024/texmf-dist/tex/generic/pgf/math/pgfmathfunctions.random.code.tex) (c:/texlive/2024/texmf-dist/tex/generic/pgf/math/pgfmathfunctions.comparison.code.tex) (c:/texlive/2024/texmf-dist/tex/generic/pgf/math/pgfmathfunctions.base.code.tex) (c:/texlive/2024/texmf-dist/tex/generic/pgf/math/pgfmathfunctions.round.code.tex) (c:/texlive/2024/texmf-dist/tex/generic/pgf/math/pgfmathfunctions.misc.code.tex) (c:/texlive/2024/texmf-dist/tex/generic/pgf/math/pgfmathfunctions.integerarithmetics.code.tex) (c:/texlive/2024/texmf-dist/tex/generic/pgf/math/pgfmathcalc.code.tex) (c:/texlive/2024/texmf-dist/tex/generic/pgf/math/pgfmathfloat.code.tex
\c@pgfmathroundto@lastzeros=\count336
)) (c:/texlive/2024/texmf-dist/tex/generic/pgf/math/pgfint.code.tex) (c:/texlive/2024/texmf-dist/tex/generic/pgf/basiclayer/pgfcorepoints.code.tex
File: pgfcorepoints.code.tex 2023-01-15 v3.1.10 (3.1.10)
\pgf@picminx=\dimen267
\pgf@picmaxx=\dimen268
\pgf@picminy=\dimen269
\pgf@picmaxy=\dimen270
\pgf@pathminx=\dimen271
\pgf@pathmaxx=\dimen272
\pgf@pathminy=\dimen273
\pgf@pathmaxy=\dimen274
\pgf@xx=\dimen275
\pgf@xy=\dimen276
\pgf@yx=\dimen277
\pgf@yy=\dimen278
\pgf@zx=\dimen279
\pgf@zy=\dimen280
) (c:/texlive/2024/texmf-dist/tex/generic/pgf/basiclayer/pgfcorepathconstruct.code.tex
File: pgfcorepathconstruct.code.tex 2023-01-15 v3.1.10 (3.1.10)
\pgf@path@lastx=\dimen281
\pgf@path@lasty=\dimen282
) (c:/texlive/2024/texmf-dist/tex/generic/pgf/basiclayer/pgfcorepathusage.code.tex
File: pgfcorepathusage.code.tex 2023-01-15 v3.1.10 (3.1.10)
\pgf@shorten@end@additional=\dimen283
\pgf@shorten@start@additional=\dimen284
) (c:/texlive/2024/texmf-dist/tex/generic/pgf/basiclayer/pgfcorescopes.code.tex
File: pgfcorescopes.code.tex 2023-01-15 v3.1.10 (3.1.10)
\pgfpic=\box69
\pgf@hbox=\box70
\pgf@layerbox@main=\box71
\pgf@picture@serial@count=\count337
) (c:/texlive/2024/texmf-dist/tex/generic/pgf/basiclayer/pgfcoregraphicstate.code.tex
File: pgfcoregraphicstate.code.tex 2023-01-15 v3.1.10 (3.1.10)
\pgflinewidth=\dimen285
) (c:/texlive/2024/texmf-dist/tex/generic/pgf/basiclayer/pgfcoretransformations.code.tex
File: pgfcoretransformations.code.tex 2023-01-15 v3.1.10 (3.1.10)
\pgf@pt@x=\dimen286
\pgf@pt@y=\dimen287
\pgf@pt@temp=\dimen288
) (c:/texlive/2024/texmf-dist/tex/generic/pgf/basiclayer/pgfcorequick.code.tex
File: pgfcorequick.code.tex 2023-01-15 v3.1.10 (3.1.10)
) (c:/texlive/2024/texmf-dist/tex/generic/pgf/basiclayer/pgfcoreobjects.code.tex
File: pgfcoreobjects.code.tex 2023-01-15 v3.1.10 (3.1.10)
) (c:/texlive/2024/texmf-dist/tex/generic/pgf/basiclayer/pgfcorepathprocessing.code.tex
File: pgfcorepathprocessing.code.tex 2023-01-15 v3.1.10 (3.1.10)
) (c:/texlive/2024/texmf-dist/tex/generic/pgf/basiclayer/pgfcorearrows.code.tex
File: pgfcorearrows.code.tex 2023-01-15 v3.1.10 (3.1.10)
\pgfarrowsep=\dimen289
) (c:/texlive/2024/texmf-dist/tex/generic/pgf/basiclayer/pgfcoreshade.code.tex
File: pgfcoreshade.code.tex 2023-01-15 v3.1.10 (3.1.10)
\pgf@max=\dimen290
\pgf@sys@shading@range@num=\count338
\pgf@shadingcount=\count339
) (c:/texlive/2024/texmf-dist/tex/generic/pgf/basiclayer/pgfcoreimage.code.tex
File: pgfcoreimage.code.tex 2023-01-15 v3.1.10 (3.1.10)
) (c:/texlive/2024/texmf-dist/tex/generic/pgf/basiclayer/pgfcoreexternal.code.tex
File: pgfcoreexternal.code.tex 2023-01-15 v3.1.10 (3.1.10)
\pgfexternal@startupbox=\box72
) (c:/texlive/2024/texmf-dist/tex/generic/pgf/basiclayer/pgfcorelayers.code.tex
File: pgfcorelayers.code.tex 2023-01-15 v3.1.10 (3.1.10)
) (c:/texlive/2024/texmf-dist/tex/generic/pgf/basiclayer/pgfcoretransparency.code.tex
File: pgfcoretransparency.code.tex 2023-01-15 v3.1.10 (3.1.10)
) (c:/texlive/2024/texmf-dist/tex/generic/pgf/basiclayer/pgfcorepatterns.code.tex
File: pgfcorepatterns.code.tex 2023-01-15 v3.1.10 (3.1.10)
) (c:/texlive/2024/texmf-dist/tex/generic/pgf/basiclayer/pgfcorerdf.code.tex
File: pgfcorerdf.code.tex 2023-01-15 v3.1.10 (3.1.10)
))) (c:/texlive/2024/texmf-dist/tex/generic/pgf/modules/pgfmoduleshapes.code.tex
File: pgfmoduleshapes.code.tex 2023-01-15 v3.1.10 (3.1.10)
\pgfnodeparttextbox=\box73
) (c:/texlive/2024/texmf-dist/tex/generic/pgf/modules/pgfmoduleplot.code.tex
File: pgfmoduleplot.code.tex 2023-01-15 v3.1.10 (3.1.10)
) (c:/texlive/2024/texmf-dist/tex/latex/pgf/compatibility/pgfcomp-version-0-65.sty
Package: pgfcomp-version-0-65 2023-01-15 v3.1.10 (3.1.10)
\pgf@nodesepstart=\dimen291
\pgf@nodesepend=\dimen292
) (c:/texlive/2024/texmf-dist/tex/latex/pgf/compatibility/pgfcomp-version-1-18.sty
Package: pgfcomp-version-1-18 2023-01-15 v3.1.10 (3.1.10)
)) (c:/texlive/2024/texmf-dist/tex/latex/pgf/utilities/pgffor.sty (c:/texlive/2024/texmf-dist/tex/latex/pgf/utilities/pgfkeys.sty (c:/texlive/2024/texmf-dist/tex/generic/pgf/utilities/pgfkeys.code.tex)) (c:/texlive/2024/texmf-dist/tex/latex/pgf/math/pgfmath.sty (c:/texlive/2024/texmf-dist/tex/generic/pgf/math/pgfmath.code.tex)) (c:/texlive/2024/texmf-dist/tex/generic/pgf/utilities/pgffor.code.tex
Package: pgffor 2023-01-15 v3.1.10 (3.1.10)
\pgffor@iter=\dimen293
\pgffor@skip=\dimen294
\pgffor@stack=\toks40
\pgffor@toks=\toks41
)) (c:/texlive/2024/texmf-dist/tex/generic/pgf/frontendlayer/tikz/tikz.code.tex
Package: tikz 2023-01-15 v3.1.10 (3.1.10)
 (c:/texlive/2024/texmf-dist/tex/generic/pgf/libraries/pgflibraryplothandlers.code.tex
File: pgflibraryplothandlers.code.tex 2023-01-15 v3.1.10 (3.1.10)
\pgf@plot@mark@count=\count340
\pgfplotmarksize=\dimen295
)
\tikz@lastx=\dimen296
\tikz@lasty=\dimen297
\tikz@lastxsaved=\dimen298
\tikz@lastysaved=\dimen299
\tikz@lastmovetox=\dimen300
\tikz@lastmovetoy=\dimen301
\tikzleveldistance=\dimen302
\tikzsiblingdistance=\dimen303
\tikz@figbox=\box74
\tikz@figbox@bg=\box75
\tikz@tempbox=\box76
\tikz@tempbox@bg=\box77
\tikztreelevel=\count341
\tikznumberofchildren=\count342
\tikznumberofcurrentchild=\count343
\tikz@fig@count=\count344
 (c:/texlive/2024/texmf-dist/tex/generic/pgf/modules/pgfmodulematrix.code.tex
File: pgfmodulematrix.code.tex 2023-01-15 v3.1.10 (3.1.10)
\pgfmatrixcurrentrow=\count345
\pgfmatrixcurrentcolumn=\count346
\pgf@matrix@numberofcolumns=\count347
)
\tikz@expandcount=\count348
 (c:/texlive/2024/texmf-dist/tex/generic/pgf/frontendlayer/tikz/libraries/tikzlibrarytopaths.code.tex
File: tikzlibrarytopaths.code.tex 2023-01-15 v3.1.10 (3.1.10)
))) (c:/texlive/2024/texmf-dist/tex/generic/pgfplots/pgfplots.code.tex (c:/texlive/2024/texmf-dist/tex/generic/pgfplots/pgfplotscore.code.tex
\t@pgfplots@toka=\toks42
\t@pgfplots@tokb=\toks43
\t@pgfplots@tokc=\toks44
\pgfplots@tmpa=\dimen304
\c@pgfplots@coordindex=\count349
\c@pgfplots@scanlineindex=\count350
 (c:/texlive/2024/texmf-dist/tex/generic/pgfplots/sys/pgfplotssysgeneric.code.tex)) (c:/texlive/2024/texmf-dist/tex/generic/pgfplots/libs/pgfplotslibrary.code.tex) (c:/texlive/2024/texmf-dist/tex/generic/pgfplots/oldpgfcompatib/pgfplotsoldpgfsupp_loader.code.tex (c:/texlive/2024/texmf-dist/tex/generic/pgf/libraries/pgflibraryfpu.code.tex)
Package pgfplots: loading complementary utilities for your pgf version...
\t@pgf@toka=\toks45
\t@pgf@tokb=\toks46
\t@pgf@tokc=\toks47
(c:/texlive/2024/texmf-dist/tex/generic/pgfplots/oldpgfcompatib/pgfplotsoldpgfsupp_pgfutil-common-lists.tex)) (c:/texlive/2024/texmf-dist/tex/generic/pgfplots/util/pgfplotsutil.code.tex (c:/texlive/2024/texmf-dist/tex/generic/pgfplots/liststructure/pgfplotsliststructure.code.tex) (c:/texlive/2024/texmf-dist/tex/generic/pgfplots/liststructure/pgfplotsliststructureext.code.tex) (c:/texlive/2024/texmf-dist/tex/generic/pgfplots/liststructure/pgfplotsarray.code.tex
\c@pgfplotsarray@tmp=\count351
) (c:/texlive/2024/texmf-dist/tex/generic/pgfplots/liststructure/pgfplotsmatrix.code.tex) (c:/texlive/2024/texmf-dist/tex/generic/pgfplots/numtable/pgfplotstableshared.code.tex
\c@pgfplotstable@counta=\count352
\t@pgfplotstable@a=\toks48
) (c:/texlive/2024/texmf-dist/tex/generic/pgfplots/liststructure/pgfplotsdeque.code.tex) (c:/texlive/2024/texmf-dist/tex/generic/pgfplots/util/pgfplotsbinary.code.tex (c:/texlive/2024/texmf-dist/tex/generic/pgfplots/util/pgfplotsbinary.data.code.tex)) (c:/texlive/2024/texmf-dist/tex/generic/pgfplots/util/pgfplotsutil.verb.code.tex) (c:/texlive/2024/texmf-dist/tex/generic/pgfplots/libs/pgflibrarypgfplots.surfshading.code.tex
\c@pgfplotslibrarysurf@no=\count353
 (c:/texlive/2024/texmf-dist/tex/generic/pgfplots/sys/pgflibrarypgfplots.surfshading.pgfsys-pdftex.def))) (c:/texlive/2024/texmf-dist/tex/generic/pgfplots/util/pgfplotscolormap.code.tex (c:/texlive/2024/texmf-dist/tex/generic/pgfplots/util/pgfplotscolor.code.tex)) (c:/texlive/2024/texmf-dist/tex/generic/pgfplots/pgfplotsstackedplots.code.tex) (c:/texlive/2024/texmf-dist/tex/generic/pgfplots/pgfplotsplothandlers.code.tex (c:/texlive/2024/texmf-dist/tex/generic/pgfplots/pgfplotsmeshplothandler.code.tex (c:/texlive/2024/texmf-dist/tex/generic/pgfplots/pgfplotsmeshplotimage.code.tex))) (c:/texlive/2024/texmf-dist/tex/generic/pgfplots/pgfplots.scaling.code.tex) (c:/texlive/2024/texmf-dist/tex/generic/pgfplots/pgfplotscoordprocessing.code.tex) (c:/texlive/2024/texmf-dist/tex/generic/pgfplots/pgfplots.errorbars.code.tex) (c:/texlive/2024/texmf-dist/tex/generic/pgfplots/pgfplots.markers.code.tex) (c:/texlive/2024/texmf-dist/tex/generic/pgfplots/pgfplotsticks.code.tex) (c:/texlive/2024/texmf-dist/tex/generic/pgfplots/pgfplots.paths.code.tex) (c:/texlive/2024/texmf-dist/tex/generic/pgf/frontendlayer/tikz/libraries/tikzlibrarydecorations.code.tex (c:/texlive/2024/texmf-dist/tex/generic/pgf/modules/pgfmoduledecorations.code.tex
\pgfdecoratedcompleteddistance=\dimen305
\pgfdecoratedremainingdistance=\dimen306
\pgfdecoratedinputsegmentcompleteddistance=\dimen307
\pgfdecoratedinputsegmentremainingdistance=\dimen308
\pgf@decorate@distancetomove=\dimen309
\pgf@decorate@repeatstate=\count354
\pgfdecorationsegmentamplitude=\dimen310
\pgfdecorationsegmentlength=\dimen311
)
\tikz@lib@dec@box=\box78
) (c:/texlive/2024/texmf-dist/tex/generic/pgf/frontendlayer/tikz/libraries/tikzlibrarydecorations.pathmorphing.code.tex (c:/texlive/2024/texmf-dist/tex/generic/pgf/libraries/decorations/pgflibrarydecorations.pathmorphing.code.tex)) (c:/texlive/2024/texmf-dist/tex/generic/pgf/frontendlayer/tikz/libraries/tikzlibrarydecorations.pathreplacing.code.tex (c:/texlive/2024/texmf-dist/tex/generic/pgf/libraries/decorations/pgflibrarydecorations.pathreplacing.code.tex)) (c:/texlive/2024/texmf-dist/tex/generic/pgfplots/libs/tikzlibrarypgfplots.contourlua.code.tex)
\pgfplots@numplots=\count355
\pgfplots@xmin@reg=\dimen312
\pgfplots@xmax@reg=\dimen313
\pgfplots@ymin@reg=\dimen314
\pgfplots@ymax@reg=\dimen315
\pgfplots@zmin@reg=\dimen316
\pgfplots@zmax@reg=\dimen317
) (c:/texlive/2024/texmf-dist/tex/generic/pgf/frontendlayer/tikz/libraries/tikzlibraryplotmarks.code.tex
File: tikzlibraryplotmarks.code.tex 2023-01-15 v3.1.10 (3.1.10)
 (c:/texlive/2024/texmf-dist/tex/generic/pgf/libraries/pgflibraryplotmarks.code.tex
File: pgflibraryplotmarks.code.tex 2023-01-15 v3.1.10 (3.1.10)
))) (c:/texlive/2024/texmf-dist/tex/generic/pgfplots/numtable/pgfplotstable.code.tex (c:/texlive/2024/texmf-dist/tex/generic/pgfplots/numtable/pgfplotstable.coltype.code.tex))) (c:/texlive/2024/texmf-dist/tex/latex/float/float.sty
Package: float 2001/11/08 v1.3d Float enhancements (AL)
\c@float@type=\count356
\float@exts=\toks49
\float@box=\box79
\@float@everytoks=\toks50
\@floatcapt=\box80
) (c:/texlive/2024/texmf-dist/tex/latex/wrapfig/wrapfig.sty
\wrapoverhang=\dimen318
\WF@size=\dimen319
\c@WF@wrappedlines=\count357
\WF@box=\box81
\WF@everypar=\toks51
Package: wrapfig 2003/01/31  v 3.6
) (c:/texlive/2024/texmf-dist/tex/latex/caption/subcaption.sty
Package: subcaption 2023/07/28 v1.6b Sub-captions (AR)
 (c:/texlive/2024/texmf-dist/tex/latex/caption/caption.sty
Package: caption 2023/08/05 v3.6o Customizing captions (AR)
 (c:/texlive/2024/texmf-dist/tex/latex/caption/caption3.sty
Package: caption3 2023/07/31 v2.4d caption3 kernel (AR)
\caption@tempdima=\dimen320
\captionmargin=\dimen321
\caption@leftmargin=\dimen322
\caption@rightmargin=\dimen323
\caption@width=\dimen324
\caption@indent=\dimen325
\caption@parindent=\dimen326
\caption@hangindent=\dimen327
Package caption Info: Standard document class detected.
)
\c@caption@flags=\count358
\c@continuedfloat=\count359
Package caption Info: float package is loaded.
Package caption Info: hyperref package is loaded.
Package caption Info: wrapfig package is loaded.
)
Package caption Info: New subtype `subfigure' on input line 238.
\c@subfigure=\count360
Package caption Info: New subtype `subtable' on input line 238.
\c@subtable=\count361
) (c:/texlive/2024/texmf-dist/tex/latex/tools/verbatim.sty
Package: verbatim 2024-01-22 v1.5x LaTeX2e package for verbatim enhancements
\every@verbatim=\toks52
\verbatim@line=\toks53
\verbatim@in@stream=\read4
) (c:/texlive/2024/texmf-dist/tex/latex/titlesec/titlesec.sty
Package: titlesec 2023/10/27 v2.16 Sectioning titles
\ttl@box=\box82
\beforetitleunit=\skip73
\aftertitleunit=\skip74
\ttl@plus=\dimen328
\ttl@minus=\dimen329
\ttl@toksa=\toks54
\titlewidth=\dimen330
\titlewidthlast=\dimen331
\titlewidthfirst=\dimen332
) (c:/texlive/2024/texmf-dist/tex/latex/algorithms/algorithm.sty
Package: algorithm 2009/08/24 v0.1 Document Style `algorithm' - floating environment
 (c:/texlive/2024/texmf-dist/tex/latex/base/ifthen.sty
Package: ifthen 2024/03/16 v1.1e Standard LaTeX ifthen package (DPC)
)
\@float@every@algorithm=\toks55
\c@algorithm=\count362
) (c:/texlive/2024/texmf-dist/tex/latex/algorithms/algorithmic.sty
Package: algorithmic 2009/08/24 v0.1 Document Style `algorithmic'
\c@ALC@unique=\count363
\c@ALC@line=\count364
\c@ALC@rem=\count365
\c@ALC@depth=\count366
\ALC@tlm=\skip75
\algorithmicindent=\skip76
) (c:/texlive/2024/texmf-dist/tex/latex/tools/multicol.sty
Package: multicol 2024/05/23 v1.9h multicolumn formatting (FMi)
\c@tracingmulticols=\count367
\mult@box=\box83
\multicol@leftmargin=\dimen333
\c@unbalance=\count368
\c@collectmore=\count369
\doublecol@number=\count370
\multicoltolerance=\count371
\multicolpretolerance=\count372
\full@width=\dimen334
\page@free=\dimen335
\premulticols=\dimen336
\postmulticols=\dimen337
\multicolsep=\skip77
\multicolbaselineskip=\skip78
\partial@page=\box84
\last@line=\box85
\mc@boxedresult=\box86
\maxbalancingoverflow=\dimen338
\mult@rightbox=\box87
\mult@grightbox=\box88
\mult@firstbox=\box89
\mult@gfirstbox=\box90
\@tempa=\box91
\@tempa=\box92
\@tempa=\box93
\@tempa=\box94
\@tempa=\box95
\@tempa=\box96
\@tempa=\box97
\@tempa=\box98
\@tempa=\box99
\@tempa=\box100
\@tempa=\box101
\@tempa=\box102
\@tempa=\box103
\@tempa=\box104
\@tempa=\box105
\@tempa=\box106
\@tempa=\box107
\@tempa=\box108
\@tempa=\box109
\@tempa=\box110
\@tempa=\box111
\@tempa=\box112
\@tempa=\box113
\@tempa=\box114
\@tempa=\box115
\@tempa=\box116
\@tempa=\box117
\@tempa=\box118
\@tempa=\box119
\@tempa=\box120
\@tempa=\box121
\@tempa=\box122
\@tempa=\box123
\@tempa=\box124
\@tempa=\box125
\@tempa=\box126
\c@minrows=\count373
\c@columnbadness=\count374
\c@finalcolumnbadness=\count375
\last@try=\dimen339
\multicolovershoot=\dimen340
\multicolundershoot=\dimen341
\mult@nat@firstbox=\box127
\colbreak@box=\box128
\mc@col@check@num=\count376
)
LaTeX Font Info:    Trying to load font information for T1+lmr on input line 83.
 (c:/texlive/2024/texmf-dist/tex/latex/lm/t1lmr.fd
File: t1lmr.fd 2015/05/01 v1.6.1 Font defs for Latin Modern
) (c:/texlive/2024/texmf-dist/tex/latex/l3backend/l3backend-pdftex.def
File: l3backend-pdftex.def 2024-05-08 L3 backend support: PDF output (pdfTeX)
\l__color_backend_stack_int=\count377
\l__pdf_internal_box=\box129
) (./report.aux)
\openout1 = `report.aux'.

LaTeX Font Info:    Checking defaults for OML/cmm/m/it on input line 83.
LaTeX Font Info:    ... okay on input line 83.
LaTeX Font Info:    Checking defaults for OMS/cmsy/m/n on input line 83.
LaTeX Font Info:    ... okay on input line 83.
LaTeX Font Info:    Checking defaults for OT1/cmr/m/n on input line 83.
LaTeX Font Info:    ... okay on input line 83.
LaTeX Font Info:    Checking defaults for T1/cmr/m/n on input line 83.
LaTeX Font Info:    ... okay on input line 83.
LaTeX Font Info:    Checking defaults for TS1/cmr/m/n on input line 83.
LaTeX Font Info:    ... okay on input line 83.
LaTeX Font Info:    Checking defaults for OMX/cmex/m/n on input line 83.
LaTeX Font Info:    ... okay on input line 83.
LaTeX Font Info:    Checking defaults for U/cmr/m/n on input line 83.
LaTeX Font Info:    ... okay on input line 83.
LaTeX Font Info:    Checking defaults for PD1/pdf/m/n on input line 83.
LaTeX Font Info:    ... okay on input line 83.
LaTeX Font Info:    Checking defaults for PU/pdf/m/n on input line 83.
LaTeX Font Info:    ... okay on input line 83.

*geometry* driver: auto-detecting
*geometry* detected driver: pdftex
*geometry* verbose mode - [ preamble ] result:
* driver: pdftex
* paper: a4paper
* layout: <same size as paper>
* layoutoffset:(h,v)=(0.0pt,0.0pt)
* bindingoffset: 8.53581pt
* modes: heightrounded 
* h-part:(L,W,R)=(85.35826pt, 432.48192pt, 71.13188pt)
* v-part:(T,H,B)=(85.35826pt, 674.33032pt, 85.35826pt)
* \paperwidth=597.50787pt
* \paperheight=845.04684pt
* \textwidth=432.48192pt
* \textheight=679.0pt
* \oddsidemargin=21.62408pt
* \evensidemargin=13.08827pt
* \topmargin=-21.78552pt
* \headheight=15.0pt
* \headsep=19.8738pt
* \topskip=12.0pt
* \footskip=30.0pt
* \marginparwidth=38.0pt
* \marginparsep=7.0pt
* \columnsep=10.0pt
* \skip\footins=10.8pt plus 4.0pt minus 2.0pt
* \hoffset=0.0pt
* \voffset=0.0pt
* \mag=1000
* \@twocolumnfalse
* \@twosidefalse
* \@mparswitchfalse
* \@reversemarginfalse
* (1in=72.27pt=25.4mm, 1cm=28.453pt)

Package hyperref Info: Link coloring ON on input line 83.
(./report.out) (./report.out)
\@outlinefile=\write4
\openout4 = `report.out'.

LaTeX Info: Redefining \microtypecontext on input line 83.
Package microtype Info: Applying patch `item' on input line 83.
Package microtype Info: Applying patch `toc' on input line 83.
Package microtype Info: Applying patch `eqnum' on input line 83.
Package microtype Info: Applying patch `footnote' on input line 83.
Package microtype Info: Applying patch `verbatim' on input line 83.
Package microtype Info: Generating PDF output.
Package microtype Info: Character protrusion enabled (level 2).
Package microtype Info: Using default protrusion set `alltext'.
Package microtype Info: Automatic font expansion enabled (level 2),
(microtype)             stretch: 20, shrink: 20, step: 1, non-selected.
Package microtype Info: Using default expansion set `alltext-nott'.
LaTeX Info: Redefining \showhyphens on input line 83.
Package microtype Info: No adjustment of tracking.
Package microtype Info: No adjustment of interword spacing.
Package microtype Info: No adjustment of character kerning.
 (c:/texlive/2024/texmf-dist/tex/latex/microtype/mt-cmr.cfg
File: mt-cmr.cfg 2013/05/19 v2.2 microtype config. file: Computer Modern Roman (RS)
) (c:/texlive/2024/texmf-dist/tex/latex/translations/translations-basic-dictionary-english.trsl
File: translations-basic-dictionary-english.trsl (english translation file `translations-basic-dictionary')
)
Package translations Info: loading dictionary `translations-basic-dictionary' for `english'. on input line 83.
 (c:/texlive/2024/texmf-dist/tex/context/base/mkii/supp-pdf.mkii
[Loading MPS to PDF converter (version 2006.09.02).]
\scratchcounter=\count378
\scratchdimen=\dimen342
\scratchbox=\box130
\nofMPsegments=\count379
\nofMParguments=\count380
\everyMPshowfont=\toks56
\MPscratchCnt=\count381
\MPscratchDim=\dimen343
\MPnumerator=\count382
\makeMPintoPDFobject=\count383
\everyMPtoPDFconversion=\toks57
) (c:/texlive/2024/texmf-dist/tex/latex/epstopdf-pkg/epstopdf-base.sty
Package: epstopdf-base 2020-01-24 v2.11 Base part for package epstopdf
Package epstopdf-base Info: Redefining graphics rule for `.eps' on input line 485.
 (c:/texlive/2024/texmf-dist/tex/latex/latexconfig/epstopdf-sys.cfg
File: epstopdf-sys.cfg 2010/07/13 v1.3 Configuration of (r)epstopdf for TeX Live
))
Package pgfplots notification 'compat/show suggested version=true': you might benefit from \pgfplotsset{compat=1.18} (current compat level: 1.14).

Package caption Info: Begin \AtBeginDocument code.
Package caption Info: End \AtBeginDocument code.
<images/Template/logo_poli_bianco.pdf, id=155, 56.09688pt x 56.08853pt>
File: images/Template/logo_poli_bianco.pdf Graphic file (type pdf)
<use images/Template/logo_poli_bianco.pdf>
Package pdftex.def Info: images/Template/logo_poli_bianco.pdf  used on input line 99.
(pdftex.def)             Requested size: 203.7692pt x 203.70207pt.


[1


{c:/texlive/2024/texmf-var/fonts/map/pdftex/updmap/pdftex.map}{c:/texlive/2024/texmf-dist/fonts/enc/dvips/lm/lm-ec.enc} <./images/Template/logo_poli_bianco.pdf>] (./report.toc
LaTeX Font Info:    Trying to load font information for OT1+lmr on input line 4.
 (c:/texlive/2024/texmf-dist/tex/latex/lm/ot1lmr.fd
File: ot1lmr.fd 2015/05/01 v1.6.1 Font defs for Latin Modern
)
LaTeX Font Info:    Trying to load font information for OML+lmm on input line 4.
 (c:/texlive/2024/texmf-dist/tex/latex/lm/omllmm.fd
File: omllmm.fd 2015/05/01 v1.6.1 Font defs for Latin Modern
)
LaTeX Font Info:    Trying to load font information for OMS+lmsy on input line 4.
 (c:/texlive/2024/texmf-dist/tex/latex/lm/omslmsy.fd
File: omslmsy.fd 2015/05/01 v1.6.1 Font defs for Latin Modern
)
LaTeX Font Info:    Trying to load font information for OMX+lmex on input line 4.
 (c:/texlive/2024/texmf-dist/tex/latex/lm/omxlmex.fd
File: omxlmex.fd 2015/05/01 v1.6.1 Font defs for Latin Modern
)
LaTeX Font Info:    External font `lmex10' loaded for size
(Font)              <12> on input line 4.
LaTeX Font Info:    External font `lmex10' loaded for size
(Font)              <8> on input line 4.
LaTeX Font Info:    External font `lmex10' loaded for size
(Font)              <6> on input line 4.



pdfTeX warning (ext4): destination with the same identifier (name{page.1}) has been already used, duplicate ignored
<to be read again> 
                   \relax 
l.49 ...$ synthesis control}{34}{subsection.5.2.2}
                                                  % [1


])
\tf@toc=\write5
\openout5 = `report.toc'.

 (./chapters/001_problem_description.tex

[2{c:/texlive/2024/texmf-dist/fonts/enc/dvips/lm/lm-mathit.enc}{c:/texlive/2024/texmf-dist/fonts/enc/dvips/lm/lm-mathsy.enc}]
Chapter 1.
<./images/Chapter 1/system.png, id=234, 841.1425pt x 576.1525pt>
File: ./images/Chapter 1/system.png Graphic file (type png)
<use ./images/Chapter 1/system.png>
Package pdftex.def Info: ./images/Chapter 1/system.png  used on input line 10.
(pdftex.def)             Requested size: 324.36143pt x 222.17545pt.
LaTeX Font Info:    Trying to load font information for TS1+lmr on input line 13.
(c:/texlive/2024/texmf-dist/tex/latex/lm/ts1lmr.fd
File: ts1lmr.fd 2015/05/01 v1.6.1 Font defs for Latin Modern
)
<./images/Chapter 1/Motor data.png, id=236, 661.72218pt x 543.53062pt>
File: ./images/Chapter 1/Motor data.png Graphic file (type png)
<use ./images/Chapter 1/Motor data.png>
Package pdftex.def Info: ./images/Chapter 1/Motor data.png  used on input line 22.
(pdftex.def)             Requested size: 324.36143pt x 266.42355pt.


[3

{c:/texlive/2024/texmf-dist/fonts/enc/dvips/lm/lm-ts1.enc} <./images/Chapter 1/system.png>]
<./images/Chapter 1/Flexible joint data.png, id=244, 675.27281pt x 330.48468pt>
File: ./images/Chapter 1/Flexible joint data.png Graphic file (type png)
<use ./images/Chapter 1/Flexible joint data.png>
Package pdftex.def Info: ./images/Chapter 1/Flexible joint data.png  used on input line 24.
(pdftex.def)             Requested size: 324.36143pt x 158.74683pt.
) (./chapters/002_model_identification.tex

[4 <./images/Chapter 1/Motor data.PNG> <./images/Chapter 1/Flexible joint data.PNG>]
Chapter 2.
<./images/Chapter 2/scheme.png, id=256, 488.82625pt x 96.36pt>
File: ./images/Chapter 2/scheme.png Graphic file (type png)
<use ./images/Chapter 2/scheme.png>
Package pdftex.def Info: ./images/Chapter 2/scheme.png  used on input line 6.
(pdftex.def)             Requested size: 324.36143pt x 63.94037pt.
<./images/Chapter 2/beam_scheme_model.png, id=257, 634.37pt x 533.995pt>
File: ./images/Chapter 2/beam_scheme_model.png Graphic file (type png)
<use ./images/Chapter 2/beam_scheme_model.png>
Package pdftex.def Info: ./images/Chapter 2/beam_scheme_model.png  used on input line 43.
(pdftex.def)             Requested size: 324.36143pt x 273.04272pt.


[5

{c:/texlive/2024/texmf-dist/fonts/enc/dvips/lm/lm-rm.enc}{c:/texlive/2024/texmf-dist/fonts/enc/dvips/lm/lm-mathex.enc} <./images/Chapter 2/scheme.png>]

[6 <./images/Chapter 2/beam_scheme_model.png>]
<./images/Chapter 2/non_linear_spring.jpg, id=276, 1371.1225pt x 705.63625pt>
File: ./images/Chapter 2/non_linear_spring.jpg Graphic file (type jpg)
<use ./images/Chapter 2/non_linear_spring.jpg>
Package pdftex.def Info: ./images/Chapter 2/non_linear_spring.jpg  used on input line 107.
(pdftex.def)             Requested size: 324.36143pt x 166.92278pt.
<./images/Chapter 2/Linearized vs Real model of springs.png, id=277, 421.575pt x 316.0608pt>
File: ./images/Chapter 2/Linearized vs Real model of springs.png Graphic file (type png)
<use ./images/Chapter 2/Linearized vs Real model of springs.png>
Package pdftex.def Info: ./images/Chapter 2/Linearized vs Real model of springs.png  used on input line 128.
(pdftex.def)             Requested size: 324.36143pt x 243.1843pt.


[7 <./images/Chapter 2/non_linear_spring.jpg>]
<./images/Chapter 2/Error between real and linearized model.png, id=284, 421.575pt x 316.0608pt>
File: ./images/Chapter 2/Error between real and linearized model.png Graphic file (type png)
<use ./images/Chapter 2/Error between real and linearized model.png>
Package pdftex.def Info: ./images/Chapter 2/Error between real and linearized model.png  used on input line 133.
(pdftex.def)             Requested size: 324.36143pt x 243.1843pt.


[8 <./images/Chapter 2/Linearized vs Real model of springs.png (PNG copy)> <./images/Chapter 2/Error between real and linearized model.png (PNG copy)>]

[9]
Underfull \hbox (badness 10000) in paragraph at lines 219--220

 []



[10]
Package hyperref Info: bookmark level for unknown algorithm defaults to 0 on input line 255.
<./images/Chapter 2/Base Frequency Response.png, id=300, 421.575pt x 316.0608pt>
File: ./images/Chapter 2/Base Frequency Response.png Graphic file (type png)
<use ./images/Chapter 2/Base Frequency Response.png>
Package pdftex.def Info: ./images/Chapter 2/Base Frequency Response.png  used on input line 320.
(pdftex.def)             Requested size: 324.36143pt x 243.1843pt.
<./images/Chapter 2/Tip Frequency Response.png, id=301, 421.575pt x 316.0608pt>
File: ./images/Chapter 2/Tip Frequency Response.png Graphic file (type png)
<use ./images/Chapter 2/Tip Frequency Response.png>
Package pdftex.def Info: ./images/Chapter 2/Tip Frequency Response.png  used on input line 321.
(pdftex.def)             Requested size: 324.36143pt x 243.1843pt.


[11]

[12 <./images/Chapter 2/Base Frequency Response.png (PNG copy)> <./images/Chapter 2/Tip Frequency Response.png (PNG copy)>]
<./images/Chapter 2/fourier_stiff_analysis2.png, id=323, 385.44pt x 305.34074pt>
File: ./images/Chapter 2/fourier_stiff_analysis2.png Graphic file (type png)
<use ./images/Chapter 2/fourier_stiff_analysis2.png>
Package pdftex.def Info: ./images/Chapter 2/fourier_stiff_analysis2.png  used on input line 346.
(pdftex.def)             Requested size: 216.24095pt x 171.3018pt.
<./images/inertia_computation.png, id=324, 498.86375pt x 308.15125pt>
File: ./images/inertia_computation.png Graphic file (type png)
<use ./images/inertia_computation.png>
Package pdftex.def Info: ./images/inertia_computation.png  used on input line 352.
(pdftex.def)             Requested size: 302.73602pt x 187.00806pt.


[13 <./images/Chapter 2/fourier_stiff_analysis2.png> <./images/inertia_computation.png>]
<./images/Chapter 2/Free_dynamics_13V.png, id=333, 485.56406pt x 324.46219pt>
File: ./images/Chapter 2/Free_dynamics_13V.png Graphic file (type png)
<use ./images/Chapter 2/Free_dynamics_13V.png>
Package pdftex.def Info: ./images/Chapter 2/Free_dynamics_13V.png  used on input line 369.
(pdftex.def)             Requested size: 302.73602pt x 202.29326pt.
) (./chapters/003_position_control_base.tex

[14 <./images/Chapter 2/Free_dynamics_13V.png>]
Chapter 3.
<./images/Chapter 3/Bode OL uncontrolled.png, id=340, 421.575pt x 316.18124pt>
File: ./images/Chapter 3/Bode OL uncontrolled.png Graphic file (type png)
<use ./images/Chapter 3/Bode OL uncontrolled.png>
Package pdftex.def Info: ./images/Chapter 3/Bode OL uncontrolled.png  used on input line 10.
(pdftex.def)             Requested size: 324.36143pt x 243.27696pt.
<./images/Chapter 3/pzmap uncontrolled.png, id=341, 421.575pt x 316.18124pt>
File: ./images/Chapter 3/pzmap uncontrolled.png Graphic file (type png)
<use ./images/Chapter 3/pzmap uncontrolled.png>
Package pdftex.def Info: ./images/Chapter 3/pzmap uncontrolled.png  used on input line 14.
(pdftex.def)             Requested size: 324.36143pt x 243.27696pt.


[15

 <./images/Chapter 3/Bode OL uncontrolled.png (PNG copy)>]
<./images/Chapter 3/Bode OL controlled.png, id=347, 421.575pt x 316.18124pt>
File: ./images/Chapter 3/Bode OL controlled.png Graphic file (type png)
<use ./images/Chapter 3/Bode OL controlled.png>
Package pdftex.def Info: ./images/Chapter 3/Bode OL controlled.png  used on input line 33.
(pdftex.def)             Requested size: 203.26703pt x 152.45035pt.
<./images/Chapter 3/pzmap controlled.png, id=348, 421.575pt x 316.18124pt>
File: ./images/Chapter 3/pzmap controlled.png Graphic file (type png)
<use ./images/Chapter 3/pzmap controlled.png>
Package pdftex.def Info: ./images/Chapter 3/pzmap controlled.png  used on input line 38.
(pdftex.def)             Requested size: 203.26703pt x 152.45035pt.
<./images/Chapter 3/Control scheme.png, id=349, 650.43pt x 213.04594pt>
File: ./images/Chapter 3/Control scheme.png Graphic file (type png)
<use ./images/Chapter 3/Control scheme.png>
Package pdftex.def Info: ./images/Chapter 3/Control scheme.png  used on input line 45.
(pdftex.def)             Requested size: 324.36143pt x 106.24638pt.


[16 <./images/Chapter 3/pzmap uncontrolled.png (PNG copy)> <./images/Chapter 3/Bode OL controlled.png (PNG copy)> <./images/Chapter 3/pzmap controlled.png (PNG copy)>]
<./images/Chapter 3/FBstepFire.png, id=357, 421.575pt x 316.18124pt>
File: ./images/Chapter 3/FBstepFire.png Graphic file (type png)
<use ./images/Chapter 3/FBstepFire.png>
Package pdftex.def Info: ./images/Chapter 3/FBstepFire.png  used on input line 53.
(pdftex.def)             Requested size: 324.36143pt x 243.27696pt.
<./images/Chapter 3/Base FB fire controller Closed Loop.png, id=358, 421.575pt x 316.0608pt>
File: ./images/Chapter 3/Base FB fire controller Closed Loop.png Graphic file (type png)
<use ./images/Chapter 3/Base FB fire controller Closed Loop.png>
Package pdftex.def Info: ./images/Chapter 3/Base FB fire controller Closed Loop.png  used on input line 61.
(pdftex.def)             Requested size: 324.36143pt x 243.1843pt.


[17 <./images/Chapter 3/Control scheme.PNG> <./images/Chapter 3/FBstepFire.png (PNG copy)>]) (./chapters/004_position_control_tip.tex

[18 <./images/Chapter 3/Base FB fire controller Closed Loop.png (PNG copy)>]
Chapter 4.
<./images/Chapter 4/FB/Bode_uncontrolled.png, id=372, 421.575pt x 316.18124pt>
File: ./images/Chapter 4/FB/Bode_uncontrolled.png Graphic file (type png)
<use ./images/Chapter 4/FB/Bode_uncontrolled.png>
Package pdftex.def Info: ./images/Chapter 4/FB/Bode_uncontrolled.png  used on input line 22.
(pdftex.def)             Requested size: 203.26703pt x 152.45035pt.
<./images/Chapter 4/FB/pzmap.png, id=373, 421.575pt x 316.18124pt>
File: ./images/Chapter 4/FB/pzmap.png Graphic file (type png)
<use ./images/Chapter 4/FB/pzmap.png>
Package pdftex.def Info: ./images/Chapter 4/FB/pzmap.png  used on input line 27.
(pdftex.def)             Requested size: 203.26703pt x 152.45035pt.


[19

 <./images/Chapter 4/FB/Bode_uncontrolled.png (PNG copy)> <./images/Chapter 4/FB/pzmap.png (PNG copy)>]
<./images/Chapter 4/FB/Bode_controlled.png, id=379, 421.575pt x 316.18124pt>
File: ./images/Chapter 4/FB/Bode_controlled.png Graphic file (type png)
<use ./images/Chapter 4/FB/Bode_controlled.png>
Package pdftex.def Info: ./images/Chapter 4/FB/Bode_controlled.png  used on input line 46.
(pdftex.def)             Requested size: 203.26703pt x 152.45035pt.
<./images/Chapter 4/FB/pzmap_controlled.png, id=380, 421.575pt x 316.18124pt>
File: ./images/Chapter 4/FB/pzmap_controlled.png Graphic file (type png)
<use ./images/Chapter 4/FB/pzmap_controlled.png>
Package pdftex.def Info: ./images/Chapter 4/FB/pzmap_controlled.png  used on input line 51.
(pdftex.def)             Requested size: 203.26703pt x 152.45035pt.
<./images/Chapter 4/FB/Scheme.png, id=381, 577.40718pt x 204.765pt>
File: ./images/Chapter 4/FB/Scheme.png Graphic file (type png)
<use ./images/Chapter 4/FB/Scheme.png>
Package pdftex.def Info: ./images/Chapter 4/FB/Scheme.png  used on input line 57.
(pdftex.def)             Requested size: 432.48192pt x 153.37651pt.
<./images/Chapter 4/FB/Step.png, id=382, 421.575pt x 316.18124pt>
File: ./images/Chapter 4/FB/Step.png Graphic file (type png)
<use ./images/Chapter 4/FB/Step.png>
Package pdftex.def Info: ./images/Chapter 4/FB/Step.png  used on input line 71.
(pdftex.def)             Requested size: 203.26703pt x 152.45035pt.
<./images/Chapter 4/FB/Alpha.png, id=383, 421.575pt x 316.18124pt>
File: ./images/Chapter 4/FB/Alpha.png Graphic file (type png)
<use ./images/Chapter 4/FB/Alpha.png>
Package pdftex.def Info: ./images/Chapter 4/FB/Alpha.png  used on input line 76.
(pdftex.def)             Requested size: 203.26703pt x 152.45035pt.


[20 <./images/Chapter 4/FB/Bode_controlled.png (PNG copy)> <./images/Chapter 4/FB/pzmap_controlled.png (PNG copy)> <./images/Chapter 4/FB/Scheme.PNG>]
<./images/Chapter 4/FB/Tip FB controller Closed Loop.png, id=391, 421.575pt x 316.0608pt>
File: ./images/Chapter 4/FB/Tip FB controller Closed Loop.png Graphic file (type png)
<use ./images/Chapter 4/FB/Tip FB controller Closed Loop.png>
Package pdftex.def Info: ./images/Chapter 4/FB/Tip FB controller Closed Loop.png  used on input line 82.
(pdftex.def)             Requested size: 324.36143pt x 243.1843pt.


[21 <./images/Chapter 4/FB/Step.png (PNG copy)> <./images/Chapter 4/FB/Alpha.png (PNG copy)> <./images/Chapter 4/FB/Tip FB controller Closed Loop.png (PNG copy)>]
<./images/Chapter 4/Observers/SE.png, id=398, 435.87843pt x 216.81pt>
File: ./images/Chapter 4/Observers/SE.png Graphic file (type png)
<use ./images/Chapter 4/Observers/SE.png>
Package pdftex.def Info: ./images/Chapter 4/Observers/SE.png  used on input line 112.
(pdftex.def)             Requested size: 324.36143pt x 161.34003pt.
<./images/Chapter 4/Observers/Euler.png, id=399, 421.575pt x 316.0608pt>
File: ./images/Chapter 4/Observers/Euler.png Graphic file (type png)
<use ./images/Chapter 4/Observers/Euler.png>
Package pdftex.def Info: ./images/Chapter 4/Observers/Euler.png  used on input line 118.
(pdftex.def)             Requested size: 324.36143pt x 243.1843pt.


[22 <./images/Chapter 4/Observers/SE.PNG>]
LaTeX Font Info:    Trying to load font information for T1+lmtt on input line 128.
 (c:/texlive/2024/texmf-dist/tex/latex/lm/t1lmtt.fd
File: t1lmtt.fd 2015/05/01 v1.6.1 Font defs for Latin Modern
)
Package microtype Info: Loading generic protrusion settings for font family
(microtype)             `lmtt' (encoding: T1).
(microtype)             For optimal results, create family-specific settings.
(microtype)             See the microtype manual for details.
<./images/Chapter 4/Observers/StateObserver.png, id=406, 945.5325pt x 420.57124pt>
File: ./images/Chapter 4/Observers/StateObserver.png Graphic file (type png)
<use ./images/Chapter 4/Observers/StateObserver.png>
Package pdftex.def Info: ./images/Chapter 4/Observers/StateObserver.png  used on input line 134.
(pdftex.def)             Requested size: 324.36143pt x 144.2758pt.
<./images/Chapter 4/Observers/Luenberger Observer.png, id=407, 421.575pt x 316.0608pt>
File: ./images/Chapter 4/Observers/Luenberger Observer.png Graphic file (type png)
<use ./images/Chapter 4/Observers/Luenberger Observer.png>
Package pdftex.def Info: ./images/Chapter 4/Observers/Luenberger Observer.png  used on input line 139.
(pdftex.def)             Requested size: 324.36143pt x 243.1843pt.


[23 <./images/Chapter 4/Observers/Euler.png (PNG copy)> <./images/Chapter 4/Observers/StateObserver.png>]
Underfull \hbox (badness 10000) in paragraph at lines 147--152

 []


Underfull \hbox (badness 10000) in paragraph at lines 147--152

 []



[24 <./images/Chapter 4/Observers/Luenberger Observer.png (PNG copy)>]
<./images/Chapter 4/Observers/KalmanFilter.png, id=422, 865.2325pt x 425.59pt>
File: ./images/Chapter 4/Observers/KalmanFilter.png Graphic file (type png)
<use ./images/Chapter 4/Observers/KalmanFilter.png>
Package pdftex.def Info: ./images/Chapter 4/Observers/KalmanFilter.png  used on input line 180.
(pdftex.def)             Requested size: 324.36143pt x 159.5439pt.
<./images/Chapter 4/Observers/Kalman Filter Estimator.png, id=423, 421.575pt x 316.0608pt>
File: ./images/Chapter 4/Observers/Kalman Filter Estimator.png Graphic file (type png)
<use ./images/Chapter 4/Observers/Kalman Filter Estimator.png>
Package pdftex.def Info: ./images/Chapter 4/Observers/Kalman Filter Estimator.png  used on input line 185.
(pdftex.def)             Requested size: 324.36143pt x 243.1843pt.


[25 <./images/Chapter 4/Observers/KalmanFilter.png> <./images/Chapter 4/Observers/Kalman Filter Estimator.png (PNG copy)>]
<./images/Chapter 4/PP/Scheme.png, id=431, 254.1495pt x 151.16475pt>
File: ./images/Chapter 4/PP/Scheme.png Graphic file (type png)
<use ./images/Chapter 4/PP/Scheme.png>
Package pdftex.def Info: ./images/Chapter 4/PP/Scheme.png  used on input line 227.
(pdftex.def)             Requested size: 324.36143pt x 192.94354pt.


[26 <./images/Chapter 4/PP/Scheme.png>]
<./images/Chapter 4/PP/ppsteptip.png, id=440, 632.3625pt x 474.27188pt>
File: ./images/Chapter 4/PP/ppsteptip.png Graphic file (type png)
<use ./images/Chapter 4/PP/ppsteptip.png>
Package pdftex.def Info: ./images/Chapter 4/PP/ppsteptip.png  used on input line 265.
(pdftex.def)             Requested size: 203.26703pt x 152.45036pt.
<./images/Chapter 4/PP/ppstepalpha.png, id=441, 632.3625pt x 474.27188pt>
File: ./images/Chapter 4/PP/ppstepalpha.png Graphic file (type png)
<use ./images/Chapter 4/PP/ppstepalpha.png>
Package pdftex.def Info: ./images/Chapter 4/PP/ppstepalpha.png  used on input line 270.
(pdftex.def)             Requested size: 203.26703pt x 152.45036pt.
<./images/Chapter 4/PP/Tip PP controller Closed Loop.png, id=442, 421.575pt x 316.0608pt>
File: ./images/Chapter 4/PP/Tip PP controller Closed Loop.png Graphic file (type png)
<use ./images/Chapter 4/PP/Tip PP controller Closed Loop.png>
Package pdftex.def Info: ./images/Chapter 4/PP/Tip PP controller Closed Loop.png  used on input line 276.
(pdftex.def)             Requested size: 324.36143pt x 243.1843pt.


[27 <./images/Chapter 4/PP/ppsteptip.png (PNG copy)> <./images/Chapter 4/PP/ppstepalpha.png (PNG copy)>]
<./images/Chapter 4/LQR/LQR_anti_wind_up.png, id=448, 1087.06125pt x 358.33875pt>
File: ./images/Chapter 4/LQR/LQR_anti_wind_up.png Graphic file (type png)
<use ./images/Chapter 4/LQR/LQR_anti_wind_up.png>
Package pdftex.def Info: ./images/Chapter 4/LQR/LQR_anti_wind_up.png  used on input line 303.
(pdftex.def)             Requested size: 432.48192pt x 142.562pt.


[28 <./images/Chapter 4/PP/Tip PP controller Closed Loop.png (PNG copy)>]

LaTeX Warning: `!h' float specifier changed to `!ht'.

<./images/Chapter 4/LQR/LQR_Tau_comparison.png, id=454, 574.39594pt x 446.41782pt>
File: ./images/Chapter 4/LQR/LQR_Tau_comparison.png Graphic file (type png)
<use ./images/Chapter 4/LQR/LQR_Tau_comparison.png>
Package pdftex.def Info: ./images/Chapter 4/LQR/LQR_Tau_comparison.png  used on input line 358.
(pdftex.def)             Requested size: 324.36143pt x 252.0971pt.


[29 <./images/Chapter 4/LQR/LQR_anti_wind_up.png>]
<./images/Chapter 4/LQR/Step.png, id=461, 1124.2pt x 843.15pt>
File: ./images/Chapter 4/LQR/Step.png Graphic file (type png)
<use ./images/Chapter 4/LQR/Step.png>
Package pdftex.def Info: ./images/Chapter 4/LQR/Step.png  used on input line 376.
(pdftex.def)             Requested size: 203.26703pt x 152.4423pt.
<./images/Chapter 4/LQR/Alpha.png, id=462, 1124.2pt x 843.15pt>
File: ./images/Chapter 4/LQR/Alpha.png Graphic file (type png)
<use ./images/Chapter 4/LQR/Alpha.png>
Package pdftex.def Info: ./images/Chapter 4/LQR/Alpha.png  used on input line 381.
(pdftex.def)             Requested size: 203.26703pt x 152.4423pt.


[30 <./images/Chapter 4/LQR/LQR_Tau_comparison.png>]
<./images/Chapter 4/Comparison/Step.png, id=472, 421.575pt x 316.18124pt>
File: ./images/Chapter 4/Comparison/Step.png Graphic file (type png)
<use ./images/Chapter 4/Comparison/Step.png>
Package pdftex.def Info: ./images/Chapter 4/Comparison/Step.png  used on input line 394.
(pdftex.def)             Requested size: 203.26703pt x 152.45035pt.
<./images/Chapter 4/Comparison/Alpha.png, id=473, 421.575pt x 316.18124pt>
File: ./images/Chapter 4/Comparison/Alpha.png Graphic file (type png)
<use ./images/Chapter 4/Comparison/Alpha.png>
Package pdftex.def Info: ./images/Chapter 4/Comparison/Alpha.png  used on input line 399.
(pdftex.def)             Requested size: 203.26703pt x 152.45035pt.
) (./chapters/005_position_control_tip_uncertanties.tex

[31 <./images/Chapter 4/LQR/Step.png (PNG copy)> <./images/Chapter 4/LQR/Alpha.png (PNG copy)> <./images/Chapter 4/Comparison/Step.png (PNG copy)> <./images/Chapter 4/Comparison/Alpha.png (PNG copy)>]
Chapter 5.

Underfull \hbox (badness 10000) in paragraph at lines 30--32

 []

<./images/Chapter 5/LQR/Step_unc.png, id=482, 1124.2pt x 843.15pt>
File: ./images/Chapter 5/LQR/Step_unc.png Graphic file (type png)
<use ./images/Chapter 5/LQR/Step_unc.png>
Package pdftex.def Info: ./images/Chapter 5/LQR/Step_unc.png  used on input line 53.
(pdftex.def)             Requested size: 203.26703pt x 152.4423pt.
<./images/Chapter 5/LQR/Alpha_unc.png, id=483, 1124.2pt x 843.15pt>
File: ./images/Chapter 5/LQR/Alpha_unc.png Graphic file (type png)
<use ./images/Chapter 5/LQR/Alpha_unc.png>
Package pdftex.def Info: ./images/Chapter 5/LQR/Alpha_unc.png  used on input line 58.
(pdftex.def)             Requested size: 203.26703pt x 152.4423pt.


[32

]
LaTeX Font Info:    External font `lmex10' loaded for size
(Font)              <14.4> on input line 68.
LaTeX Font Info:    External font `lmex10' loaded for size
(Font)              <10> on input line 68.
LaTeX Font Info:    External font `lmex10' loaded for size
(Font)              <7> on input line 68.


Package hyperref Warning: Token not allowed in a PDF string (Unicode):
(hyperref)                removing `math shift' on input line 68.


Package hyperref Warning: Token not allowed in a PDF string (Unicode):
(hyperref)                removing `subscript' on input line 68.


Package hyperref Warning: Token not allowed in a PDF string (Unicode):
(hyperref)                removing `\infty' on input line 68.


Package hyperref Warning: Token not allowed in a PDF string (Unicode):
(hyperref)                removing `math shift' on input line 68.

<./images/Chapter 5/H_inf/H-infty.png, id=489, 257.90471pt x 158.71059pt>
File: ./images/Chapter 5/H_inf/H-infty.png Graphic file (type png)
<use ./images/Chapter 5/H_inf/H-infty.png>
Package pdftex.def Info: ./images/Chapter 5/H_inf/H-infty.png  used on input line 74.
(pdftex.def)             Requested size: 129.74588pt x 79.8467pt.
<./images/Chapter 5/H_inf/Control scheme.png, id=490, 921.4425pt x 275.52937pt>
File: ./images/Chapter 5/H_inf/Control scheme.png Graphic file (type png)
<use ./images/Chapter 5/H_inf/Control scheme.png>
Package pdftex.def Info: ./images/Chapter 5/H_inf/Control scheme.png  used on input line 83.
(pdftex.def)             Requested size: 432.48192pt x 129.31802pt.


[33 <./images/Chapter 5/LQR/Step_unc.png (PNG copy)> <./images/Chapter 5/LQR/Alpha_unc.png (PNG copy)> <./images/Chapter 5/H_inf/H-infty.png>]

Package hyperref Warning: Token not allowed in a PDF string (Unicode):
(hyperref)                removing `math shift' on input line 87.


Package hyperref Warning: Token not allowed in a PDF string (Unicode):
(hyperref)                removing `\mu' on input line 87.


Package hyperref Warning: Token not allowed in a PDF string (Unicode):
(hyperref)                removing `math shift' on input line 87.

<./images/Chapter 5/H_inf/Step.png, id=497, 421.575pt x 316.18124pt>
File: ./images/Chapter 5/H_inf/Step.png Graphic file (type png)
<use ./images/Chapter 5/H_inf/Step.png>
Package pdftex.def Info: ./images/Chapter 5/H_inf/Step.png  used on input line 108.
(pdftex.def)             Requested size: 432.48192pt x 324.36769pt.


[34 <./images/Chapter 5/H_inf/Control scheme.PNG>])

[35 <./images/Chapter 5/H_inf/Step.png (PNG copy)>] (./report.aux)
 ***********
LaTeX2e <2024-06-01> patch level 2
L3 programming layer <2024-10-09>
 ***********
Package rerunfilecheck Info: File `report.out' has not changed.
(rerunfilecheck)             Checksum: BA2EC6E0C7357492F82F4AD112E472A3;5593.
 ) 
Here is how much of TeX's memory you used:
 42536 strings out of 473576
 999955 string characters out of 5732203
 1489239 words of memory out of 5000000
 64500 multiletter control sequences out of 15000+600000
 624952 words of font info for 152 fonts, out of 8000000 for 9000
 1141 hyphenation exceptions out of 8191
 114i,12n,121p,1056b,1174s stack positions out of 10000i,1000n,20000p,200000b,200000s
<c:/texlive/2024/texmf-dist/fonts/type1/public/lm/lmbx10.pfb><c:/texlive/2024/texmf-dist/fonts/type1/public/lm/lmbx12.pfb><c:/texlive/2024/texmf-dist/fonts/type1/public/lm/lmex10.pfb><c:/texlive/2024/texmf-dist/fonts/type1/public/lm/lmmi12.pfb><c:/texlive/2024/texmf-dist/fonts/type1/public/lm/lmmi6.pfb><c:/texlive/2024/texmf-dist/fonts/type1/public/lm/lmmi8.pfb><c:/texlive/2024/texmf-dist/fonts/type1/public/lm/lmr10.pfb><c:/texlive/2024/texmf-dist/fonts/type1/public/lm/lmr12.pfb><c:/texlive/2024/texmf-dist/fonts/type1/public/lm/lmr6.pfb><c:/texlive/2024/texmf-dist/fonts/type1/public/lm/lmr8.pfb><c:/texlive/2024/texmf-dist/fonts/type1/public/lm/lmro12.pfb><c:/texlive/2024/texmf-dist/fonts/type1/public/lm/lmsy10.pfb><c:/texlive/2024/texmf-dist/fonts/type1/public/lm/lmsy8.pfb><c:/texlive/2024/texmf-dist/fonts/type1/public/lm/lmtt12.pfb>
Output written on report.pdf (36 pages, 2897716 bytes).
PDF statistics:
 608 PDF objects out of 1000 (max. 8388607)
 462 compressed objects within 5 object streams
 131 named destinations out of 1000 (max. 500000)
 39983 words of extra memory for PDF output out of 42996 (max. 10000000)

